2025-08-05T19:46:34.379+02:00  INFO 70356 --- [user-auth-api] [main] i.t.u.UserAuthApiApplicationTests        : Starting UserAuthApiApplicationTests using Java 24.0.2 with PID 70356 (started by aime in /Users/aime/Desktop/progetti/user-auth-api)
2025-08-05T19:46:34.382+02:00  INFO 70356 --- [user-auth-api] [main] i.t.u.UserAuthApiApplicationTests        : No active profile set, falling back to 1 default profile: "default"
2025-08-05T19:46:35.721+02:00  INFO 70356 --- [user-auth-api] [main] .s.d.r.c.RepositoryConfigurationDelegate : Bootstrapping Spring Data JPA repositories in DEFAULT mode.
2025-08-05T19:46:35.806+02:00  INFO 70356 --- [user-auth-api] [main] .s.d.r.c.RepositoryConfigurationDelegate : Finished Spring Data repository scanning in 72 ms. Found 1 JPA repository interface.
2025-08-05T19:46:36.967+02:00  INFO 70356 --- [user-auth-api] [main] o.hibernate.jpa.internal.util.LogHelper  : HHH000204: Processing PersistenceUnitInfo [name: default]
2025-08-05T19:46:37.025+02:00  INFO 70356 --- [user-auth-api] [main] org.hibernate.Version                    : HHH000412: Hibernate ORM core version 6.6.22.Final
2025-08-05T19:46:37.068+02:00  INFO 70356 --- [user-auth-api] [main] o.h.c.internal.RegionFactoryInitiator    : HHH000026: Second-level cache disabled
2025-08-05T19:46:37.504+02:00  INFO 70356 --- [user-auth-api] [main] o.s.o.j.p.SpringPersistenceUnitInfo      : No LoadTimeWeaver setup: ignoring JPA class transformer
2025-08-05T19:46:37.538+02:00  INFO 70356 --- [user-auth-api] [main] com.zaxxer.hikari.HikariDataSource       : HikariPool-1 - Starting...
2025-08-05T19:46:37.797+02:00  INFO 70356 --- [user-auth-api] [main] com.zaxxer.hikari.pool.HikariPool        : HikariPool-1 - Added connection conn0: url=jdbc:h2:mem:testdb user=SA
2025-08-05T19:46:37.799+02:00  INFO 70356 --- [user-auth-api] [main] com.zaxxer.hikari.HikariDataSource       : HikariPool-1 - Start completed.
2025-08-05T19:46:37.827+02:00  WARN 70356 --- [user-auth-api] [main] org.hibernate.orm.deprecation            : HHH90000025: H2Dialect does not need to be specified explicitly using 'hibernate.dialect' (remove the property setting and it will be selected by default)
2025-08-05T19:46:37.851+02:00  INFO 70356 --- [user-auth-api] [main] org.hibernate.orm.connections.pooling    : HHH10001005: Database info:
	Database JDBC URL [Connecting through datasource 'HikariDataSource (HikariPool-1)']
	Database driver: undefined/unknown
	Database version: 2.3.232
	Autocommit mode: undefined/unknown
	Isolation level: undefined/unknown
	Minimum pool size: undefined/unknown
	Maximum pool size: undefined/unknown
2025-08-05T19:46:39.674+02:00  INFO 70356 --- [user-auth-api] [main] o.h.e.t.j.p.i.JtaPlatformInitiator       : HHH000489: No JTA platform available (set 'hibernate.transaction.jta.platform' to enable JTA platform integration)
2025-08-05T19:46:39.737+02:00  INFO 70356 --- [user-auth-api] [main] j.LocalContainerEntityManagerFactoryBean : Initialized JPA EntityManagerFactory for persistence unit 'default'
2025-08-05T19:46:40.390+02:00  WARN 70356 --- [user-auth-api] [main] JpaBaseConfiguration$JpaWebConfiguration : spring.jpa.open-in-view is enabled by default. Therefore, database queries may be performed during view rendering. Explicitly configure spring.jpa.open-in-view to disable this warning
2025-08-05T19:46:42.407+02:00  INFO 70356 --- [user-auth-api] [main] o.s.v.b.OptionalValidatorFactoryBean     : Failed to set up a Bean Validation provider: jakarta.validation.NoProviderFoundException: Unable to create a Configuration, because no Jakarta Bean Validation provider could be found. Add a provider like Hibernate Validator (RI) to your classpath.
2025-08-05T19:46:42.848+02:00  INFO 70356 --- [user-auth-api] [main] o.s.b.a.h2.H2ConsoleAutoConfiguration    : H2 console available at '/h2-console'. Database available at 'jdbc:h2:mem:testdb'
2025-08-05T19:46:43.071+02:00  INFO 70356 --- [user-auth-api] [main] i.t.u.UserAuthApiApplicationTests        : Started UserAuthApiApplicationTests in 9.401 seconds (process running for 11.287)
2025-08-05T19:46:44.126+02:00  INFO 70356 --- [user-auth-api] [SpringApplicationShutdownHook] j.LocalContainerEntityManagerFactoryBean : Closing JPA EntityManagerFactory for persistence unit 'default'
2025-08-05T19:46:44.135+02:00  INFO 70356 --- [user-auth-api] [SpringApplicationShutdownHook] com.zaxxer.hikari.HikariDataSource       : HikariPool-1 - Shutdown initiated...
2025-08-05T19:46:44.138+02:00  INFO 70356 --- [user-auth-api] [SpringApplicationShutdownHook] com.zaxxer.hikari.HikariDataSource       : HikariPool-1 - Shutdown completed.
2025-08-05T19:47:21.665+02:00  INFO 70775 --- [user-auth-api] [main] i.t.u.UserAuthApiApplication             : Starting UserAuthApiApplication using Java 23.0.1 with PID 70775 (/Users/aime/Desktop/progetti/user-auth-api/target/classes started by aime in /Users/aime/Desktop/progetti/user-auth-api)
2025-08-05T19:47:21.668+02:00  INFO 70775 --- [user-auth-api] [main] i.t.u.UserAuthApiApplication             : No active profile set, falling back to 1 default profile: "default"
2025-08-05T19:47:23.103+02:00  INFO 70775 --- [user-auth-api] [main] .s.d.r.c.RepositoryConfigurationDelegate : Bootstrapping Spring Data JPA repositories in DEFAULT mode.
2025-08-05T19:47:23.199+02:00  INFO 70775 --- [user-auth-api] [main] .s.d.r.c.RepositoryConfigurationDelegate : Finished Spring Data repository scanning in 74 ms. Found 1 JPA repository interface.
2025-08-05T19:47:24.229+02:00  INFO 70775 --- [user-auth-api] [main] o.s.b.w.embedded.tomcat.TomcatWebServer  : Tomcat initialized with port 8080 (http)
2025-08-05T19:47:24.264+02:00  INFO 70775 --- [user-auth-api] [main] o.apache.catalina.core.StandardService   : Starting service [Tomcat]
2025-08-05T19:47:24.265+02:00  INFO 70775 --- [user-auth-api] [main] o.apache.catalina.core.StandardEngine    : Starting Servlet engine: [Apache Tomcat/10.1.43]
2025-08-05T19:47:24.345+02:00  INFO 70775 --- [user-auth-api] [main] o.a.c.c.C.[Tomcat].[localhost].[/]       : Initializing Spring embedded WebApplicationContext
2025-08-05T19:47:24.346+02:00  INFO 70775 --- [user-auth-api] [main] w.s.c.ServletWebServerApplicationContext : Root WebApplicationContext: initialization completed in 2579 ms
2025-08-05T19:47:24.647+02:00  INFO 70775 --- [user-auth-api] [main] o.hibernate.jpa.internal.util.LogHelper  : HHH000204: Processing PersistenceUnitInfo [name: default]
2025-08-05T19:47:24.720+02:00  INFO 70775 --- [user-auth-api] [main] org.hibernate.Version                    : HHH000412: Hibernate ORM core version 6.6.22.Final
2025-08-05T19:47:24.772+02:00  INFO 70775 --- [user-auth-api] [main] o.h.c.internal.RegionFactoryInitiator    : HHH000026: Second-level cache disabled
2025-08-05T19:47:25.419+02:00  INFO 70775 --- [user-auth-api] [main] o.s.o.j.p.SpringPersistenceUnitInfo      : No LoadTimeWeaver setup: ignoring JPA class transformer
2025-08-05T19:47:25.468+02:00  INFO 70775 --- [user-auth-api] [main] com.zaxxer.hikari.HikariDataSource       : HikariPool-1 - Starting...
2025-08-05T19:47:25.764+02:00  INFO 70775 --- [user-auth-api] [main] com.zaxxer.hikari.pool.HikariPool        : HikariPool-1 - Added connection conn0: url=jdbc:h2:mem:testdb user=SA
2025-08-05T19:47:25.767+02:00  INFO 70775 --- [user-auth-api] [main] com.zaxxer.hikari.HikariDataSource       : HikariPool-1 - Start completed.
2025-08-05T19:47:25.804+02:00  WARN 70775 --- [user-auth-api] [main] org.hibernate.orm.deprecation            : HHH90000025: H2Dialect does not need to be specified explicitly using 'hibernate.dialect' (remove the property setting and it will be selected by default)
2025-08-05T19:47:25.840+02:00  INFO 70775 --- [user-auth-api] [main] org.hibernate.orm.connections.pooling    : HHH10001005: Database info:
	Database JDBC URL [Connecting through datasource 'HikariDataSource (HikariPool-1)']
	Database driver: undefined/unknown
	Database version: 2.3.232
	Autocommit mode: undefined/unknown
	Isolation level: undefined/unknown
	Minimum pool size: undefined/unknown
	Maximum pool size: undefined/unknown
2025-08-05T19:47:26.996+02:00  INFO 70775 --- [user-auth-api] [main] o.h.e.t.j.p.i.JtaPlatformInitiator       : HHH000489: No JTA platform available (set 'hibernate.transaction.jta.platform' to enable JTA platform integration)
2025-08-05T19:47:27.112+02:00  INFO 70775 --- [user-auth-api] [main] j.LocalContainerEntityManagerFactoryBean : Initialized JPA EntityManagerFactory for persistence unit 'default'
2025-08-05T19:47:27.923+02:00  WARN 70775 --- [user-auth-api] [main] JpaBaseConfiguration$JpaWebConfiguration : spring.jpa.open-in-view is enabled by default. Therefore, database queries may be performed during view rendering. Explicitly configure spring.jpa.open-in-view to disable this warning
2025-08-05T19:47:28.539+02:00  INFO 70775 --- [user-auth-api] [main] o.s.v.b.OptionalValidatorFactoryBean     : Failed to set up a Bean Validation provider: jakarta.validation.NoProviderFoundException: Unable to create a Configuration, because no Jakarta Bean Validation provider could be found. Add a provider like Hibernate Validator (RI) to your classpath.
2025-08-05T19:47:29.126+02:00  INFO 70775 --- [user-auth-api] [main] o.s.b.a.h2.H2ConsoleAutoConfiguration    : H2 console available at '/h2-console'. Database available at 'jdbc:h2:mem:testdb'
2025-08-05T19:47:29.392+02:00  INFO 70775 --- [user-auth-api] [main] o.s.b.w.embedded.tomcat.TomcatWebServer  : Tomcat started on port 8080 (http) with context path '/'
2025-08-05T19:47:29.410+02:00  INFO 70775 --- [user-auth-api] [main] i.t.u.UserAuthApiApplication             : Started UserAuthApiApplication in 8.494 seconds (process running for 9.924)
2025-08-05T19:47:52.123+02:00  INFO 70775 --- [user-auth-api] [http-nio-8080-exec-2] o.a.c.c.C.[Tomcat].[localhost].[/]       : Initializing Spring DispatcherServlet 'dispatcherServlet'
2025-08-05T19:47:52.124+02:00  INFO 70775 --- [user-auth-api] [http-nio-8080-exec-2] o.s.web.servlet.DispatcherServlet        : Initializing Servlet 'dispatcherServlet'
2025-08-05T19:47:52.127+02:00  INFO 70775 --- [user-auth-api] [http-nio-8080-exec-2] o.s.web.servlet.DispatcherServlet        : Completed initialization in 3 ms
2025-08-05T19:47:52.420+02:00  INFO 70775 --- [user-auth-api] [http-nio-8080-exec-2] it.tona.user_auth_api.logic.AuthLogic    : Registering user with email: emelintona1@gmail.com
